16:37:09.553 [localhost-startStop-1] INFO  o.s.web.context.ContextLoader - Root WebApplicationContext: initialization started
16:37:09.659 [localhost-startStop-1] INFO  o.s.w.c.s.XmlWebApplicationContext - Refreshing Root WebApplicationContext: startup date [Wed May 09 16:37:09 IST 2018]; root of context hierarchy
16:37:09.737 [localhost-startStop-1] INFO  o.s.b.f.xml.XmlBeanDefinitionReader - Loading XML bean definitions from ServletContext resource [/WEB-INF/applicationcontext.xml]
16:37:09.946 [localhost-startStop-1] INFO  o.s.b.f.s.DefaultListableBeanFactory - Pre-instantiating singletons in org.springframework.beans.factory.support.DefaultListableBeanFactory@9d87a99: defining beans []; root of factory hierarchy
16:37:09.954 [localhost-startStop-1] INFO  o.s.web.context.ContextLoader - Root WebApplicationContext: initialization completed in 396 ms
16:37:10.265 [localhost-startStop-1] INFO  o.s.web.servlet.DispatcherServlet - FrameworkServlet 'spring': initialization started
16:37:10.271 [localhost-startStop-1] INFO  o.s.w.c.s.XmlWebApplicationContext - Refreshing WebApplicationContext for namespace 'spring-servlet': startup date [Wed May 09 16:37:10 IST 2018]; parent: Root WebApplicationContext
16:37:10.273 [localhost-startStop-1] INFO  o.s.b.f.xml.XmlBeanDefinitionReader - Loading XML bean definitions from ServletContext resource [/WEB-INF/spring-servlet.xml]
16:37:10.406 [localhost-startStop-1] INFO  o.s.c.a.ClassPathBeanDefinitionScanner - JSR-250 'javax.annotation.ManagedBean' found and supported for component scanning
16:37:10.408 [localhost-startStop-1] INFO  o.s.c.a.ClassPathBeanDefinitionScanner - JSR-330 'javax.inject.Named' annotation found and supported for component scanning
16:37:10.679 [localhost-startStop-1] INFO  o.s.b.f.a.AutowiredAnnotationBeanPostProcessor - JSR-330 'javax.inject.Inject' annotation found and supported for autowiring
16:37:10.823 [localhost-startStop-1] INFO  o.s.w.c.s.XmlWebApplicationContext - Bean 'dataSource' of type [class org.apache.commons.dbcp.BasicDataSource] is not eligible for getting processed by all BeanPostProcessors (for example: not eligible for auto-proxying)
16:37:10.871 [localhost-startStop-1] INFO  o.s.w.c.s.XmlWebApplicationContext - Bean 'org.springframework.orm.jpa.vendor.HibernateJpaVendorAdapter#4281c378' of type [class org.springframework.orm.jpa.vendor.HibernateJpaVendorAdapter] is not eligible for getting processed by all BeanPostProcessors (for example: not eligible for auto-proxying)
16:37:10.905 [localhost-startStop-1] INFO  o.s.o.j.LocalContainerEntityManagerFactoryBean - Building JPA container EntityManagerFactory for persistence unit 'default'
16:37:11.185 [localhost-startStop-1] INFO  o.h.annotations.common.Version - HCANN000001: Hibernate Commons Annotations {4.0.1.Final}
16:37:11.196 [localhost-startStop-1] INFO  org.hibernate.Version - HHH000412: Hibernate Core {4.2.1.Final}
16:37:11.199 [localhost-startStop-1] INFO  org.hibernate.cfg.Environment - HHH000206: hibernate.properties not found
16:37:11.204 [localhost-startStop-1] INFO  org.hibernate.cfg.Environment - HHH000021: Bytecode provider name : javassist
16:37:11.250 [localhost-startStop-1] INFO  org.hibernate.ejb.Ejb3Configuration - HHH000204: Processing PersistenceUnitInfo [
	name: default
	...]
16:37:11.597 [localhost-startStop-1] INFO  o.h.s.j.c.i.ConnectionProviderInitiator - HHH000130: Instantiating explicit connection provider: org.hibernate.ejb.connection.InjectedDataSourceConnectionProvider
16:37:13.793 [localhost-startStop-1] INFO  org.hibernate.dialect.Dialect - HHH000400: Using dialect: org.hibernate.dialect.MySQLDialect
16:37:13.825 [localhost-startStop-1] INFO  o.h.e.t.i.TransactionFactoryInitiator - HHH000268: Transaction strategy: org.hibernate.engine.transaction.internal.jdbc.JdbcTransactionFactory
16:37:13.831 [localhost-startStop-1] INFO  o.h.h.i.a.ASTQueryTranslatorFactory - HHH000397: Using ASTQueryTranslatorFactory
16:37:13.903 [localhost-startStop-1] INFO  o.h.validator.internal.util.Version - HV000001: Hibernate Validator 4.3.0.Final
16:37:14.187 [localhost-startStop-1] INFO  o.h.tool.hbm2ddl.SchemaUpdate - HHH000228: Running hbm2ddl schema update
16:37:14.187 [localhost-startStop-1] INFO  o.h.tool.hbm2ddl.SchemaUpdate - HHH000102: Fetching database metadata
16:37:14.190 [localhost-startStop-1] INFO  o.h.tool.hbm2ddl.SchemaUpdate - HHH000396: Updating schema
16:37:14.687 [localhost-startStop-1] INFO  o.h.tool.hbm2ddl.TableMetadata - HHH000261: Table found: test.sms
16:37:14.688 [localhost-startStop-1] INFO  o.h.tool.hbm2ddl.TableMetadata - HHH000037: Columns: [id, content, status]
16:37:14.688 [localhost-startStop-1] INFO  o.h.tool.hbm2ddl.TableMetadata - HHH000108: Foreign keys: []
16:37:14.689 [localhost-startStop-1] INFO  o.h.tool.hbm2ddl.TableMetadata - HHH000126: Indexes: [primary]
16:37:14.690 [localhost-startStop-1] INFO  o.h.tool.hbm2ddl.SchemaUpdate - HHH000232: Schema update complete
16:37:14.734 [localhost-startStop-1] INFO  o.s.w.c.s.XmlWebApplicationContext - Bean 'entityManagerFactory' of type [class org.springframework.orm.jpa.LocalContainerEntityManagerFactoryBean] is not eligible for getting processed by all BeanPostProcessors (for example: not eligible for auto-proxying)
16:37:14.752 [localhost-startStop-1] INFO  o.s.b.f.s.DefaultListableBeanFactory - Pre-instantiating singletons in org.springframework.beans.factory.support.DefaultListableBeanFactory@1fb45c71: defining beans [mvcContentNegotiationManager,org.springframework.web.servlet.mvc.method.annotation.RequestMappingHandlerMapping#0,org.springframework.format.support.FormattingConversionServiceFactoryBean#0,org.springframework.validation.beanvalidation.LocalValidatorFactoryBean#0,org.springframework.web.servlet.mvc.method.annotation.RequestMappingHandlerAdapter#0,org.springframework.web.servlet.handler.MappedInterceptor#0,org.springframework.web.servlet.mvc.method.annotation.ExceptionHandlerExceptionResolver#0,org.springframework.web.servlet.mvc.annotation.ResponseStatusExceptionResolver#0,org.springframework.web.servlet.mvc.support.DefaultHandlerExceptionResolver#0,org.springframework.web.servlet.handler.BeanNameUrlHandlerMapping,org.springframework.web.servlet.mvc.HttpRequestHandlerAdapter,org.springframework.web.servlet.mvc.SimpleControllerHandlerAdapter,smsController,navigationController,smsServiceImpl,org.springframework.context.annotation.internalConfigurationAnnotationProcessor,org.springframework.context.annotation.internalAutowiredAnnotationProcessor,org.springframework.context.annotation.internalRequiredAnnotationProcessor,org.springframework.context.annotation.internalCommonAnnotationProcessor,org.springframework.context.annotation.internalPersistenceAnnotationProcessor,org.springframework.web.servlet.resource.ResourceHttpRequestHandler#0,org.springframework.web.servlet.handler.SimpleUrlHandlerMapping#0,org.springframework.web.servlet.view.InternalResourceViewResolver#0,transactionManager,smsRepository,org.springframework.data.repository.core.support.RepositoryInterfaceAwareBeanPostProcessor#0,org.springframework.dao.annotation.PersistenceExceptionTranslationPostProcessor#0,entityManagerFactory,dataSource,org.springframework.context.annotation.ConfigurationClassPostProcessor.importAwareProcessor]; parent: org.springframework.beans.factory.support.DefaultListableBeanFactory@9d87a99
16:37:14.841 [localhost-startStop-1] INFO  o.s.w.s.m.m.a.RequestMappingHandlerMapping - Mapped "{[/sms/create],methods=[POST],params=[],headers=[],consumes=[],produces=[],custom=[]}" onto public org.springframework.web.servlet.ModelAndView com.vdc.controller.SmsController.createNewSms(com.vdc.model.sms,org.springframework.validation.BindingResult,org.springframework.web.servlet.mvc.support.RedirectAttributes)
16:37:14.841 [localhost-startStop-1] INFO  o.s.w.s.m.m.a.RequestMappingHandlerMapping - Mapped "{[/sms/list],methods=[GET],params=[],headers=[],consumes=[],produces=[],custom=[]}" onto public org.springframework.web.servlet.ModelAndView com.vdc.controller.SmsController.smsListPage()
16:37:14.843 [localhost-startStop-1] INFO  o.s.w.s.m.m.a.RequestMappingHandlerMapping - Mapped "{[/sms/delete/{id}],methods=[GET],params=[],headers=[],consumes=[],produces=[],custom=[]}" onto public org.springframework.web.servlet.ModelAndView com.vdc.controller.SmsController.deleteSms(java.lang.String,org.springframework.web.servlet.mvc.support.RedirectAttributes) throws com.vdc.exception.SmsNotFound
16:37:14.843 [localhost-startStop-1] INFO  o.s.w.s.m.m.a.RequestMappingHandlerMapping - Mapped "{[/sms/create],methods=[GET],params=[],headers=[],consumes=[],produces=[],custom=[]}" onto public org.springframework.web.servlet.ModelAndView com.vdc.controller.SmsController.newSmsPage()
16:37:14.844 [localhost-startStop-1] INFO  o.s.w.s.m.m.a.RequestMappingHandlerMapping - Mapped "{[/ || /index],methods=[GET],params=[],headers=[],consumes=[],produces=[],custom=[]}" onto public org.springframework.web.servlet.ModelAndView com.vdc.controller.NavigationController.index()
16:37:15.350 [localhost-startStop-1] INFO  o.s.w.s.h.SimpleUrlHandlerMapping - Mapped URL path [/resources/**] onto handler 'org.springframework.web.servlet.resource.ResourceHttpRequestHandler#0'
16:37:15.409 [localhost-startStop-1] INFO  o.s.web.servlet.DispatcherServlet - FrameworkServlet 'spring': initialization completed in 5143 ms
16:38:02.076 [http-nio-8889-exec-4] WARN  o.h.e.jdbc.spi.SqlExceptionHelper - SQL Error: 1364, SQLState: HY000
16:38:02.077 [http-nio-8889-exec-4] ERROR o.h.e.jdbc.spi.SqlExceptionHelper - Field 'status' doesn't have a default value
